{"/Users/ird/Desktop/rss/react/rsschool_REACT2023Q4/src/components/errorBoundary/ErrorBoundary.tsx": {"path":"/Users/ird/Desktop/rss/react/rsschool_REACT2023Q4/src/components/errorBoundary/ErrorBoundary.tsx","statementMap":{"0":{"start":{"line":1,"column":0},"end":{"line":1,"column":56}},"1":{"start":{"line":13,"column":4},"end":{"line":13,"column":17}},"2":{"start":{"line":14,"column":4},"end":{"line":16,"column":6}},"3":{"start":{"line":20,"column":4},"end":{"line":20,"column":34}},"4":{"start":{"line":21,"column":4},"end":{"line":23,"column":7}},"5":{"start":{"line":27,"column":4},"end":{"line":29,"column":null}},"6":{"start":{"line":28,"column":6},"end":{"line":28,"column":57}},"7":{"start":{"line":31,"column":4},"end":{"line":31,"column":31}},"8":{"start":{"line":35,"column":0},"end":{"line":35,"column":29}}},"fnMap":{"0":{"name":"(anonymous_0)","decl":{"start":{"line":12,"column":2},"end":{"line":12,"column":14}},"loc":{"start":{"line":12,"column":39},"end":{"line":17,"column":3}}},"1":{"name":"(anonymous_1)","decl":{"start":{"line":19,"column":2},"end":{"line":19,"column":19}},"loc":{"start":{"line":19,"column":54},"end":{"line":24,"column":3}}},"2":{"name":"(anonymous_2)","decl":{"start":{"line":26,"column":2},"end":{"line":26,"column":8}},"loc":{"start":{"line":26,"column":8},"end":{"line":32,"column":3}}}},"branchMap":{"0":{"loc":{"start":{"line":27,"column":4},"end":{"line":29,"column":null}},"type":"if","locations":[{"start":{"line":27,"column":4},"end":{"line":29,"column":null}}]}},"s":{"0":1,"1":0,"2":0,"3":0,"4":0,"5":0,"6":0,"7":0,"8":1},"f":{"0":0,"1":0,"2":0},"b":{"0":[0]}}
,"/Users/ird/Desktop/rss/react/rsschool_REACT2023Q4/src/components/item-details/item-details.tsx": {"path":"/Users/ird/Desktop/rss/react/rsschool_REACT2023Q4/src/components/item-details/item-details.tsx","statementMap":{"0":{"start":{"line":2,"column":0},"end":{"line":2,"column":44}},"1":{"start":{"line":3,"column":0},"end":{"line":3,"column":51}},"2":{"start":{"line":4,"column":0},"end":{"line":4,"column":52}},"3":{"start":{"line":5,"column":0},"end":{"line":5,"column":41}},"4":{"start":{"line":7,"column":16},"end":{"line":52,"column":1}},"5":{"start":{"line":8,"column":17},"end":{"line":8,"column":28}},"6":{"start":{"line":9,"column":38},"end":{"line":9,"column":54}},"7":{"start":{"line":10,"column":32},"end":{"line":10,"column":46}},"8":{"start":{"line":12,"column":29},"end":{"line":12,"column":41}},"9":{"start":{"line":14,"column":2},"end":{"line":26,"column":23}},"10":{"start":{"line":15,"column":25},"end":{"line":23,"column":5}},"11":{"start":{"line":16,"column":6},"end":{"line":22,"column":null}},"12":{"start":{"line":17,"column":30},"end":{"line":17,"column":62}},"13":{"start":{"line":18,"column":8},"end":{"line":18,"column":37}},"14":{"start":{"line":19,"column":8},"end":{"line":19,"column":26}},"15":{"start":{"line":21,"column":8},"end":{"line":21,"column":52}},"16":{"start":{"line":25,"column":4},"end":{"line":25,"column":19}},"17":{"start":{"line":28,"column":2},"end":{"line":30,"column":null}},"18":{"start":{"line":29,"column":4},"end":{"line":29,"column":23}},"19":{"start":{"line":32,"column":2},"end":{"line":51,"column":4}},"20":{"start":{"line":54,"column":0},"end":{"line":54,"column":23}}},"fnMap":{"0":{"name":"(anonymous_1)","decl":{"start":{"line":7,"column":16},"end":{"line":7,"column":19}},"loc":{"start":{"line":7,"column":21},"end":{"line":52,"column":1}}},"1":{"name":"(anonymous_2)","decl":{"start":{"line":14,"column":12},"end":{"line":14,"column":15}},"loc":{"start":{"line":14,"column":17},"end":{"line":26,"column":3}}},"2":{"name":"(anonymous_3)","decl":{"start":{"line":15,"column":25},"end":{"line":15,"column":30}},"loc":{"start":{"line":15,"column":36},"end":{"line":23,"column":5}}}},"branchMap":{"0":{"loc":{"start":{"line":28,"column":2},"end":{"line":30,"column":null}},"type":"if","locations":[{"start":{"line":28,"column":2},"end":{"line":30,"column":null}}]}},"s":{"0":1,"1":1,"2":1,"3":1,"4":1,"5":0,"6":0,"7":0,"8":0,"9":0,"10":0,"11":0,"12":0,"13":0,"14":0,"15":0,"16":0,"17":0,"18":0,"19":0,"20":1},"f":{"0":0,"1":0,"2":0},"b":{"0":[0]}}
,"/Users/ird/Desktop/rss/react/rsschool_REACT2023Q4/src/components/pages/main-page.tsx": {"path":"/Users/ird/Desktop/rss/react/rsschool_REACT2023Q4/src/components/pages/main-page.tsx","statementMap":{"0":{"start":{"line":1,"column":0},"end":{"line":1,"column":48}},"1":{"start":{"line":2,"column":0},"end":{"line":2,"column":68}},"2":{"start":{"line":3,"column":0},"end":{"line":3,"column":55}},"3":{"start":{"line":4,"column":0},"end":{"line":4,"column":55}},"4":{"start":{"line":5,"column":0},"end":{"line":5,"column":59}},"5":{"start":{"line":7,"column":0},"end":{"line":7,"column":25}},"6":{"start":{"line":17,"column":13},"end":{"line":23,"column":3}},"7":{"start":{"line":25,"column":17},"end":{"line":75,"column":1}},"8":{"start":{"line":26,"column":26},"end":{"line":26,"column":38}},"9":{"start":{"line":27,"column":39},"end":{"line":27,"column":51}},"10":{"start":{"line":28,"column":40},"end":{"line":28,"column":51}},"11":{"start":{"line":29,"column":42},"end":{"line":29,"column":54}},"12":{"start":{"line":30,"column":19},"end":{"line":30,"column":32}},"13":{"start":{"line":31,"column":19},"end":{"line":31,"column":32}},"14":{"start":{"line":33,"column":21},"end":{"line":35,"column":3}},"15":{"start":{"line":34,"column":4},"end":{"line":34,"column":19}},"16":{"start":{"line":37,"column":23},"end":{"line":41,"column":3}},"17":{"start":{"line":38,"column":4},"end":{"line":40,"column":null}},"18":{"start":{"line":39,"column":6},"end":{"line":39,"column":41}},"19":{"start":{"line":43,"column":21},"end":{"line":43,"column":67}},"20":{"start":{"line":45,"column":2},"end":{"line":74,"column":4}},"21":{"start":{"line":77,"column":0},"end":{"line":77,"column":24}}},"fnMap":{"0":{"name":"(anonymous_1)","decl":{"start":{"line":19,"column":11},"end":{"line":19,"column":14}},"loc":{"start":{"line":19,"column":16},"end":{"line":19,"column":19}}},"1":{"name":"(anonymous_2)","decl":{"start":{"line":20,"column":14},"end":{"line":20,"column":17}},"loc":{"start":{"line":20,"column":19},"end":{"line":20,"column":22}}},"2":{"name":"(anonymous_3)","decl":{"start":{"line":22,"column":17},"end":{"line":22,"column":20}},"loc":{"start":{"line":22,"column":22},"end":{"line":22,"column":25}}},"3":{"name":"(anonymous_4)","decl":{"start":{"line":25,"column":17},"end":{"line":25,"column":20}},"loc":{"start":{"line":25,"column":22},"end":{"line":75,"column":1}}},"4":{"name":"(anonymous_5)","decl":{"start":{"line":33,"column":21},"end":{"line":33,"column":22}},"loc":{"start":{"line":33,"column":39},"end":{"line":35,"column":3}}},"5":{"name":"(anonymous_6)","decl":{"start":{"line":37,"column":23},"end":{"line":37,"column":26}},"loc":{"start":{"line":37,"column":28},"end":{"line":41,"column":3}}}},"branchMap":{"0":{"loc":{"start":{"line":38,"column":4},"end":{"line":40,"column":null}},"type":"if","locations":[{"start":{"line":38,"column":4},"end":{"line":40,"column":null}}]},"1":{"loc":{"start":{"line":57,"column":33},"end":{"line":57,"column":61}},"type":"cond-expr","locations":[{"start":{"line":57,"column":46},"end":{"line":57,"column":56}},{"start":{"line":57,"column":59},"end":{"line":57,"column":61}}]}},"s":{"0":1,"1":1,"2":1,"3":1,"4":1,"5":1,"6":1,"7":1,"8":0,"9":0,"10":0,"11":0,"12":0,"13":0,"14":0,"15":0,"16":0,"17":0,"18":0,"19":0,"20":0,"21":1},"f":{"0":0,"1":0,"2":0,"3":0,"4":0,"5":0},"b":{"0":[0],"1":[0,0]}}
,"/Users/ird/Desktop/rss/react/rsschool_REACT2023Q4/src/components/pagination-panel/pagination-panel.tsx": {"path":"/Users/ird/Desktop/rss/react/rsschool_REACT2023Q4/src/components/pagination-panel/pagination-panel.tsx","statementMap":{"0":{"start":{"line":1,"column":0},"end":{"line":1,"column":44}},"1":{"start":{"line":3,"column":0},"end":{"line":3,"column":32}},"2":{"start":{"line":5,"column":24},"end":{"line":65,"column":1}},"3":{"start":{"line":11,"column":56},"end":{"line":11,"column":70}},"4":{"start":{"line":12,"column":56},"end":{"line":12,"column":71}},"5":{"start":{"line":14,"column":23},"end":{"line":16,"column":3}},"6":{"start":{"line":15,"column":4},"end":{"line":15,"column":37}},"7":{"start":{"line":18,"column":23},"end":{"line":20,"column":3}},"8":{"start":{"line":19,"column":4},"end":{"line":19,"column":37}},"9":{"start":{"line":22,"column":35},"end":{"line":27,"column":3}},"10":{"start":{"line":25,"column":4},"end":{"line":25,"column":52}},"11":{"start":{"line":26,"column":4},"end":{"line":26,"column":24}},"12":{"start":{"line":29,"column":2},"end":{"line":32,"column":19}},"13":{"start":{"line":30,"column":4},"end":{"line":30,"column":44}},"14":{"start":{"line":31,"column":4},"end":{"line":31,"column":47}},"15":{"start":{"line":34,"column":2},"end":{"line":64,"column":4}},"16":{"start":{"line":67,"column":0},"end":{"line":67,"column":31}}},"fnMap":{"0":{"name":"(anonymous_0)","decl":{"start":{"line":5,"column":24},"end":{"line":5,"column":25}},"loc":{"start":{"line":10,"column":5},"end":{"line":65,"column":1}}},"1":{"name":"(anonymous_1)","decl":{"start":{"line":14,"column":23},"end":{"line":14,"column":26}},"loc":{"start":{"line":14,"column":28},"end":{"line":16,"column":3}}},"2":{"name":"(anonymous_2)","decl":{"start":{"line":18,"column":23},"end":{"line":18,"column":26}},"loc":{"start":{"line":18,"column":28},"end":{"line":20,"column":3}}},"3":{"name":"(anonymous_3)","decl":{"start":{"line":22,"column":35},"end":{"line":22,"column":null}},"loc":{"start":{"line":24,"column":6},"end":{"line":27,"column":3}}},"4":{"name":"(anonymous_4)","decl":{"start":{"line":29,"column":12},"end":{"line":29,"column":15}},"loc":{"start":{"line":29,"column":17},"end":{"line":32,"column":3}}}},"branchMap":{},"s":{"0":1,"1":1,"2":1,"3":0,"4":0,"5":0,"6":0,"7":0,"8":0,"9":0,"10":0,"11":0,"12":0,"13":0,"14":0,"15":0,"16":1},"f":{"0":0,"1":0,"2":0,"3":0,"4":0},"b":{}}
,"/Users/ird/Desktop/rss/react/rsschool_REACT2023Q4/src/components/results-list/results-list.tsx": {"path":"/Users/ird/Desktop/rss/react/rsschool_REACT2023Q4/src/components/results-list/results-list.tsx","statementMap":{"0":{"start":{"line":2,"column":0},"end":{"line":2,"column":56}},"1":{"start":{"line":3,"column":0},"end":{"line":3,"column":40}},"2":{"start":{"line":4,"column":0},"end":{"line":4,"column":52}},"3":{"start":{"line":5,"column":0},"end":{"line":5,"column":41}},"4":{"start":{"line":6,"column":0},"end":{"line":6,"column":67}},"5":{"start":{"line":7,"column":0},"end":{"line":7,"column":45}},"6":{"start":{"line":9,"column":0},"end":{"line":9,"column":28}},"7":{"start":{"line":25,"column":48},"end":{"line":110,"column":1}},"8":{"start":{"line":31,"column":19},"end":{"line":31,"column":38}},"9":{"start":{"line":32,"column":41},"end":{"line":32,"column":60}},"10":{"start":{"line":33,"column":32},"end":{"line":33,"column":46}},"11":{"start":{"line":34,"column":31},"end":{"line":34,"column":59}},"12":{"start":{"line":36,"column":42},"end":{"line":36,"column":54}},"13":{"start":{"line":38,"column":23},"end":{"line":57,"column":3}},"14":{"start":{"line":43,"column":4},"end":{"line":56,"column":null}},"15":{"start":{"line":46,"column":6},"end":{"line":50,"column":null}},"16":{"start":{"line":47,"column":8},"end":{"line":47,"column":63}},"17":{"start":{"line":49,"column":8},"end":{"line":49,"column":72}},"18":{"start":{"line":52,"column":6},"end":{"line":52,"column":36}},"19":{"start":{"line":53,"column":6},"end":{"line":53,"column":24}},"20":{"start":{"line":55,"column":6},"end":{"line":55,"column":50}},"21":{"start":{"line":59,"column":2},"end":{"line":62,"column":33}},"22":{"start":{"line":60,"column":4},"end":{"line":60,"column":21}},"23":{"start":{"line":61,"column":4},"end":{"line":61,"column":43}},"24":{"start":{"line":64,"column":27},"end":{"line":66,"column":3}},"25":{"start":{"line":65,"column":4},"end":{"line":65,"column":28}},"26":{"start":{"line":69,"column":4},"end":{"line":71,"column":null}},"27":{"start":{"line":70,"column":6},"end":{"line":70,"column":40}},"28":{"start":{"line":73,"column":22},"end":{"line":89,"column":6}},"29":{"start":{"line":74,"column":6},"end":{"line":88,"column":8}},"30":{"start":{"line":78,"column":25},"end":{"line":78,"column":48}},"31":{"start":{"line":80,"column":52},"end":{"line":80,"column":75}},"32":{"start":{"line":91,"column":4},"end":{"line":91,"column":55}},"33":{"start":{"line":94,"column":2},"end":{"line":96,"column":null}},"34":{"start":{"line":95,"column":4},"end":{"line":95,"column":23}},"35":{"start":{"line":98,"column":20},"end":{"line":98,"column":44}},"36":{"start":{"line":99,"column":2},"end":{"line":109,"column":4}},"37":{"start":{"line":112,"column":0},"end":{"line":112,"column":27}}},"fnMap":{"0":{"name":"(anonymous_1)","decl":{"start":{"line":25,"column":48},"end":{"line":25,"column":49}},"loc":{"start":{"line":30,"column":5},"end":{"line":110,"column":1}}},"1":{"name":"(anonymous_2)","decl":{"start":{"line":38,"column":23},"end":{"line":38,"column":28}},"loc":{"start":{"line":42,"column":6},"end":{"line":57,"column":3}}},"2":{"name":"(anonymous_3)","decl":{"start":{"line":59,"column":12},"end":{"line":59,"column":15}},"loc":{"start":{"line":59,"column":17},"end":{"line":62,"column":3}}},"3":{"name":"(anonymous_4)","decl":{"start":{"line":64,"column":27},"end":{"line":64,"column":28}},"loc":{"start":{"line":64,"column":44},"end":{"line":66,"column":3}}},"4":{"name":"renderAnime","decl":{"start":{"line":68,"column":11},"end":{"line":68,"column":22}},"loc":{"start":{"line":68,"column":35},"end":{"line":92,"column":3}}},"5":{"name":"(anonymous_6)","decl":{"start":{"line":73,"column":30},"end":{"line":73,"column":31}},"loc":{"start":{"line":73,"column":40},"end":{"line":89,"column":5}}},"6":{"name":"(anonymous_7)","decl":{"start":{"line":78,"column":19},"end":{"line":78,"column":22}},"loc":{"start":{"line":78,"column":25},"end":{"line":78,"column":48}}},"7":{"name":"(anonymous_8)","decl":{"start":{"line":80,"column":46},"end":{"line":80,"column":49}},"loc":{"start":{"line":80,"column":52},"end":{"line":80,"column":75}}}},"branchMap":{"0":{"loc":{"start":{"line":46,"column":6},"end":{"line":50,"column":null}},"type":"if","locations":[{"start":{"line":46,"column":6},"end":{"line":50,"column":null}},{"start":{"line":48,"column":13},"end":{"line":50,"column":null}}]},"1":{"loc":{"start":{"line":69,"column":4},"end":{"line":71,"column":null}},"type":"if","locations":[{"start":{"line":69,"column":4},"end":{"line":71,"column":null}}]},"2":{"loc":{"start":{"line":69,"column":8},"end":{"line":69,"column":47}},"type":"binary-expr","locations":[{"start":{"line":69,"column":8},"end":{"line":69,"column":27}},{"start":{"line":69,"column":31},"end":{"line":69,"column":47}}]},"3":{"loc":{"start":{"line":94,"column":2},"end":{"line":96,"column":null}},"type":"if","locations":[{"start":{"line":94,"column":2},"end":{"line":96,"column":null}}]}},"s":{"0":1,"1":1,"2":1,"3":1,"4":1,"5":1,"6":1,"7":1,"8":1,"9":1,"10":1,"11":1,"12":1,"13":1,"14":1,"15":1,"16":1,"17":0,"18":0,"19":0,"20":1,"21":1,"22":1,"23":1,"24":1,"25":0,"26":0,"27":0,"28":0,"29":0,"30":0,"31":0,"32":0,"33":1,"34":1,"35":0,"36":0,"37":1},"f":{"0":1,"1":1,"2":1,"3":0,"4":0,"5":0,"6":0,"7":0},"b":{"0":[1,0],"1":[0],"2":[0,0],"3":[1]}}
,"/Users/ird/Desktop/rss/react/rsschool_REACT2023Q4/src/components/search-panel/search-panel.tsx": {"path":"/Users/ird/Desktop/rss/react/rsschool_REACT2023Q4/src/components/search-panel/search-panel.tsx","statementMap":{"0":{"start":{"line":1,"column":0},"end":{"line":1,"column":69}},"1":{"start":{"line":2,"column":0},"end":{"line":2,"column":45}},"2":{"start":{"line":4,"column":0},"end":{"line":4,"column":28}},"3":{"start":{"line":6,"column":20},"end":{"line":49,"column":1}},"4":{"start":{"line":7,"column":38},"end":{"line":7,"column":50}},"5":{"start":{"line":8,"column":25},"end":{"line":8,"column":44}},"6":{"start":{"line":10,"column":29},"end":{"line":12,"column":3}},"7":{"start":{"line":11,"column":4},"end":{"line":11,"column":47}},"8":{"start":{"line":14,"column":31},"end":{"line":19,"column":3}},"9":{"start":{"line":15,"column":23},"end":{"line":15,"column":58}},"10":{"start":{"line":16,"column":4},"end":{"line":18,"column":null}},"11":{"start":{"line":17,"column":6},"end":{"line":17,"column":38}},"12":{"start":{"line":17,"column":26},"end":{"line":17,"column":36}},"13":{"start":{"line":21,"column":2},"end":{"line":23,"column":9}},"14":{"start":{"line":22,"column":4},"end":{"line":22,"column":27}},"15":{"start":{"line":25,"column":27},"end":{"line":28,"column":3}},"16":{"start":{"line":26,"column":4},"end":{"line":26,"column":35}},"17":{"start":{"line":27,"column":4},"end":{"line":27,"column":27}},"18":{"start":{"line":30,"column":28},"end":{"line":32,"column":3}},"19":{"start":{"line":31,"column":4},"end":{"line":31,"column":40}},"20":{"start":{"line":31,"column":24},"end":{"line":31,"column":38}},"21":{"start":{"line":34,"column":2},"end":{"line":48,"column":4}},"22":{"start":{"line":51,"column":0},"end":{"line":51,"column":27}}},"fnMap":{"0":{"name":"(anonymous_0)","decl":{"start":{"line":6,"column":20},"end":{"line":6,"column":23}},"loc":{"start":{"line":6,"column":25},"end":{"line":49,"column":1}}},"1":{"name":"(anonymous_1)","decl":{"start":{"line":10,"column":29},"end":{"line":10,"column":30}},"loc":{"start":{"line":10,"column":47},"end":{"line":12,"column":3}}},"2":{"name":"(anonymous_2)","decl":{"start":{"line":14,"column":31},"end":{"line":14,"column":34}},"loc":{"start":{"line":14,"column":36},"end":{"line":19,"column":3}}},"3":{"name":"(anonymous_3)","decl":{"start":{"line":17,"column":20},"end":{"line":17,"column":23}},"loc":{"start":{"line":17,"column":26},"end":{"line":17,"column":36}}},"4":{"name":"(anonymous_4)","decl":{"start":{"line":21,"column":12},"end":{"line":21,"column":15}},"loc":{"start":{"line":21,"column":17},"end":{"line":23,"column":3}}},"5":{"name":"(anonymous_5)","decl":{"start":{"line":25,"column":27},"end":{"line":25,"column":30}},"loc":{"start":{"line":25,"column":32},"end":{"line":28,"column":3}}},"6":{"name":"(anonymous_6)","decl":{"start":{"line":30,"column":28},"end":{"line":30,"column":29}},"loc":{"start":{"line":30,"column":65},"end":{"line":32,"column":3}}},"7":{"name":"(anonymous_7)","decl":{"start":{"line":31,"column":18},"end":{"line":31,"column":21}},"loc":{"start":{"line":31,"column":24},"end":{"line":31,"column":38}}}},"branchMap":{"0":{"loc":{"start":{"line":16,"column":4},"end":{"line":18,"column":null}},"type":"if","locations":[{"start":{"line":16,"column":4},"end":{"line":18,"column":null}}]}},"s":{"0":1,"1":1,"2":1,"3":1,"4":0,"5":0,"6":0,"7":0,"8":0,"9":0,"10":0,"11":0,"12":0,"13":0,"14":0,"15":0,"16":0,"17":0,"18":0,"19":0,"20":0,"21":0,"22":1},"f":{"0":0,"1":0,"2":0,"3":0,"4":0,"5":0,"6":0,"7":0},"b":{"0":[0]}}
,"/Users/ird/Desktop/rss/react/rsschool_REACT2023Q4/src/components/spinner/spinner.tsx": {"path":"/Users/ird/Desktop/rss/react/rsschool_REACT2023Q4/src/components/spinner/spinner.tsx","statementMap":{"0":{"start":{"line":1,"column":16},"end":{"line":61,"column":1}},"1":{"start":{"line":2,"column":2},"end":{"line":60,"column":4}},"2":{"start":{"line":22,"column":27},"end":{"line":22,"column":37}},"3":{"start":{"line":23,"column":24},"end":{"line":23,"column":41}},"4":{"start":{"line":24,"column":10},"end":{"line":57,"column":12}},"5":{"start":{"line":63,"column":0},"end":{"line":63,"column":23}}},"fnMap":{"0":{"name":"(anonymous_0)","decl":{"start":{"line":1,"column":16},"end":{"line":1,"column":19}},"loc":{"start":{"line":1,"column":21},"end":{"line":61,"column":1}}},"1":{"name":"(anonymous_1)","decl":{"start":{"line":21,"column":13},"end":{"line":21,"column":14}},"loc":{"start":{"line":21,"column":26},"end":{"line":58,"column":9}}}},"branchMap":{},"s":{"0":1,"1":1,"2":12,"3":12,"4":12,"5":1},"f":{"0":1,"1":12},"b":{}}
,"/Users/ird/Desktop/rss/react/rsschool_REACT2023Q4/src/services/api-service.tsx": {"path":"/Users/ird/Desktop/rss/react/rsschool_REACT2023Q4/src/services/api-service.tsx","statementMap":{"0":{"start":{"line":1,"column":19},"end":{"line":80,"column":1}},"1":{"start":{"line":2,"column":18},"end":{"line":2,"column":50}},"2":{"start":{"line":4,"column":18},"end":{"line":10,"column":3}},"3":{"start":{"line":5,"column":17},"end":{"line":5,"column":33}},"4":{"start":{"line":6,"column":4},"end":{"line":8,"column":null}},"5":{"start":{"line":7,"column":6},"end":{"line":7,"column":70}},"6":{"start":{"line":9,"column":4},"end":{"line":9,"column":29}},"7":{"start":{"line":12,"column":22},"end":{"line":31,"column":3}},"8":{"start":{"line":13,"column":17},"end":{"line":13,"column":79}},"9":{"start":{"line":14,"column":4},"end":{"line":30,"column":6}},"10":{"start":{"line":23,"column":8},"end":{"line":28,"column":10}},"11":{"start":{"line":33,"column":25},"end":{"line":58,"column":3}},"12":{"start":{"line":38,"column":17},"end":{"line":39,"column":null}},"13":{"start":{"line":41,"column":4},"end":{"line":57,"column":6}},"14":{"start":{"line":50,"column":8},"end":{"line":55,"column":10}},"15":{"start":{"line":60,"column":25},"end":{"line":72,"column":3}},"16":{"start":{"line":61,"column":17},"end":{"line":61,"column":50}},"17":{"start":{"line":62,"column":4},"end":{"line":71,"column":6}},"18":{"start":{"line":74,"column":2},"end":{"line":79,"column":4}},"19":{"start":{"line":82,"column":0},"end":{"line":82,"column":26}}},"fnMap":{"0":{"name":"(anonymous_0)","decl":{"start":{"line":1,"column":19},"end":{"line":1,"column":22}},"loc":{"start":{"line":1,"column":24},"end":{"line":80,"column":1}}},"1":{"name":"(anonymous_1)","decl":{"start":{"line":4,"column":18},"end":{"line":4,"column":23}},"loc":{"start":{"line":4,"column":40},"end":{"line":10,"column":3}}},"2":{"name":"(anonymous_2)","decl":{"start":{"line":12,"column":22},"end":{"line":12,"column":27}},"loc":{"start":{"line":12,"column":67},"end":{"line":31,"column":3}}},"3":{"name":"(anonymous_3)","decl":{"start":{"line":15,"column":6},"end":{"line":15,"column":7}},"loc":{"start":{"line":22,"column":11},"end":{"line":29,"column":7}}},"4":{"name":"(anonymous_4)","decl":{"start":{"line":33,"column":25},"end":{"line":33,"column":30}},"loc":{"start":{"line":37,"column":6},"end":{"line":58,"column":3}}},"5":{"name":"(anonymous_5)","decl":{"start":{"line":42,"column":6},"end":{"line":42,"column":7}},"loc":{"start":{"line":49,"column":11},"end":{"line":56,"column":7}}},"6":{"name":"(anonymous_6)","decl":{"start":{"line":60,"column":25},"end":{"line":60,"column":30}},"loc":{"start":{"line":60,"column":46},"end":{"line":72,"column":3}}}},"branchMap":{"0":{"loc":{"start":{"line":6,"column":4},"end":{"line":8,"column":null}},"type":"if","locations":[{"start":{"line":6,"column":4},"end":{"line":8,"column":null}}]},"1":{"loc":{"start":{"line":26,"column":16},"end":{"line":26,"column":49}},"type":"cond-expr","locations":[{"start":{"line":26,"column":28},"end":{"line":26,"column":37}},{"start":{"line":26,"column":40},"end":{"line":26,"column":49}}]},"2":{"loc":{"start":{"line":27,"column":15},"end":{"line":27,"column":59}},"type":"cond-expr","locations":[{"start":{"line":27,"column":29},"end":{"line":27,"column":54}},{"start":{"line":27,"column":57},"end":{"line":27,"column":59}}]},"3":{"loc":{"start":{"line":53,"column":16},"end":{"line":53,"column":49}},"type":"cond-expr","locations":[{"start":{"line":53,"column":28},"end":{"line":53,"column":37}},{"start":{"line":53,"column":40},"end":{"line":53,"column":49}}]},"4":{"loc":{"start":{"line":54,"column":15},"end":{"line":54,"column":59}},"type":"cond-expr","locations":[{"start":{"line":54,"column":29},"end":{"line":54,"column":54}},{"start":{"line":54,"column":57},"end":{"line":54,"column":59}}]},"5":{"loc":{"start":{"line":66,"column":12},"end":{"line":66,"column":55}},"type":"cond-expr","locations":[{"start":{"line":66,"column":29},"end":{"line":66,"column":43}},{"start":{"line":66,"column":46},"end":{"line":66,"column":55}}]},"6":{"loc":{"start":{"line":67,"column":12},"end":{"line":67,"column":55}},"type":"cond-expr","locations":[{"start":{"line":67,"column":29},"end":{"line":67,"column":43}},{"start":{"line":67,"column":46},"end":{"line":67,"column":55}}]},"7":{"loc":{"start":{"line":68,"column":13},"end":{"line":68,"column":58}},"type":"cond-expr","locations":[{"start":{"line":68,"column":31},"end":{"line":68,"column":46}},{"start":{"line":68,"column":49},"end":{"line":68,"column":58}}]},"8":{"loc":{"start":{"line":69,"column":14},"end":{"line":69,"column":61}},"type":"cond-expr","locations":[{"start":{"line":69,"column":33},"end":{"line":69,"column":49}},{"start":{"line":69,"column":52},"end":{"line":69,"column":61}}]},"9":{"loc":{"start":{"line":70,"column":11},"end":{"line":70,"column":65}},"type":"cond-expr","locations":[{"start":{"line":70,"column":30},"end":{"line":70,"column":60}},{"start":{"line":70,"column":63},"end":{"line":70,"column":65}}]}},"s":{"0":1,"1":1,"2":1,"3":1,"4":0,"5":0,"6":0,"7":1,"8":1,"9":0,"10":0,"11":1,"12":0,"13":0,"14":0,"15":1,"16":0,"17":0,"18":1,"19":1},"f":{"0":1,"1":1,"2":1,"3":0,"4":0,"5":0,"6":0},"b":{"0":[0],"1":[0,0],"2":[0,0],"3":[0,0],"4":[0,0],"5":[0,0],"6":[0,0],"7":[0,0],"8":[0,0],"9":[0,0]}}
}
