TN:
SF:src/components/errorBoundary/ErrorBoundary.tsx
FN:12,(anonymous_0)
FN:19,(anonymous_1)
FN:26,(anonymous_2)
FNF:3
FNH:2
FNDA:2,(anonymous_0)
FNDA:0,(anonymous_1)
FNDA:2,(anonymous_2)
DA:1,1
DA:13,2
DA:14,2
DA:20,0
DA:21,0
DA:27,2
DA:28,0
DA:31,2
DA:35,1
LF:9
LH:6
BRDA:27,0,0,0
BRF:1
BRH:0
end_of_record
TN:
SF:src/components/item-details/item-details.tsx
FN:7,(anonymous_1)
FN:14,(anonymous_2)
FN:15,(anonymous_3)
FNF:3
FNH:0
FNDA:0,(anonymous_1)
FNDA:0,(anonymous_2)
FNDA:0,(anonymous_3)
DA:2,1
DA:3,1
DA:4,1
DA:5,1
DA:7,1
DA:8,0
DA:9,0
DA:10,0
DA:12,0
DA:14,0
DA:15,0
DA:16,0
DA:17,0
DA:18,0
DA:19,0
DA:21,0
DA:25,0
DA:28,0
DA:29,0
DA:32,0
DA:54,1
LF:21
LH:6
BRDA:28,0,0,0
BRF:1
BRH:0
end_of_record
TN:
SF:src/components/pages/main-page.tsx
FN:19,(anonymous_1)
FN:20,(anonymous_2)
FN:22,(anonymous_3)
FN:25,(anonymous_4)
FN:33,(anonymous_5)
FN:37,(anonymous_6)
FNF:6
FNH:1
FNDA:0,(anonymous_1)
FNDA:0,(anonymous_2)
FNDA:0,(anonymous_3)
FNDA:2,(anonymous_4)
FNDA:0,(anonymous_5)
FNDA:0,(anonymous_6)
DA:1,1
DA:2,1
DA:3,1
DA:4,1
DA:5,1
DA:7,1
DA:17,1
DA:25,1
DA:26,2
DA:27,2
DA:28,2
DA:29,2
DA:30,2
DA:31,2
DA:33,2
DA:34,0
DA:37,2
DA:38,0
DA:39,0
DA:43,2
DA:45,2
DA:77,1
LF:22
LH:19
BRDA:38,0,0,0
BRDA:57,1,0,2
BRDA:57,1,1,0
BRF:3
BRH:1
end_of_record
TN:
SF:src/components/pagination-panel/pagination-panel.tsx
FN:5,(anonymous_0)
FN:14,(anonymous_1)
FN:18,(anonymous_2)
FN:22,(anonymous_3)
FN:29,(anonymous_4)
FNF:5
FNH:0
FNDA:0,(anonymous_0)
FNDA:0,(anonymous_1)
FNDA:0,(anonymous_2)
FNDA:0,(anonymous_3)
FNDA:0,(anonymous_4)
DA:1,1
DA:3,1
DA:5,1
DA:11,0
DA:12,0
DA:14,0
DA:15,0
DA:18,0
DA:19,0
DA:22,0
DA:25,0
DA:26,0
DA:29,0
DA:30,0
DA:31,0
DA:34,0
DA:67,1
LF:17
LH:4
BRF:0
BRH:0
end_of_record
TN:
SF:src/components/results-list/results-list.tsx
FN:25,(anonymous_1)
FN:38,(anonymous_2)
FN:59,(anonymous_3)
FN:64,(anonymous_4)
FN:68,renderAnime
FN:73,(anonymous_6)
FN:78,(anonymous_7)
FN:80,(anonymous_8)
FNF:8
FNH:3
FNDA:3,(anonymous_1)
FNDA:3,(anonymous_2)
FNDA:3,(anonymous_3)
FNDA:0,(anonymous_4)
FNDA:0,renderAnime
FNDA:0,(anonymous_6)
FNDA:0,(anonymous_7)
FNDA:0,(anonymous_8)
DA:2,1
DA:3,1
DA:4,1
DA:5,1
DA:6,1
DA:7,1
DA:9,1
DA:25,1
DA:31,3
DA:32,3
DA:33,3
DA:34,3
DA:36,3
DA:38,3
DA:43,3
DA:46,3
DA:47,3
DA:49,0
DA:52,0
DA:53,0
DA:55,3
DA:59,3
DA:60,3
DA:61,3
DA:64,3
DA:65,0
DA:69,0
DA:70,0
DA:73,0
DA:74,0
DA:78,0
DA:80,0
DA:91,0
DA:94,3
DA:95,3
DA:98,0
DA:99,0
DA:112,1
LF:38
LH:25
BRDA:46,0,0,3
BRDA:46,0,1,0
BRDA:69,1,0,0
BRDA:69,2,0,0
BRDA:69,2,1,0
BRDA:94,3,0,3
BRF:6
BRH:2
end_of_record
TN:
SF:src/components/search-panel/search-panel.tsx
FN:6,(anonymous_0)
FN:10,(anonymous_1)
FN:14,(anonymous_2)
FN:17,(anonymous_3)
FN:21,(anonymous_4)
FN:25,(anonymous_5)
FN:30,(anonymous_6)
FN:31,(anonymous_7)
FNF:8
FNH:5
FNDA:3,(anonymous_0)
FNDA:0,(anonymous_1)
FNDA:2,(anonymous_2)
FNDA:0,(anonymous_3)
FNDA:2,(anonymous_4)
FNDA:0,(anonymous_5)
FNDA:1,(anonymous_6)
FNDA:1,(anonymous_7)
DA:1,1
DA:2,1
DA:4,1
DA:6,1
DA:7,3
DA:8,3
DA:10,3
DA:11,0
DA:14,3
DA:15,2
DA:16,2
DA:17,0
DA:21,3
DA:22,2
DA:25,3
DA:26,0
DA:27,0
DA:30,3
DA:31,1
DA:34,3
DA:51,1
LF:21
LH:17
BRDA:16,0,0,0
BRF:1
BRH:0
end_of_record
TN:
SF:src/components/spinner/spinner.tsx
FN:1,(anonymous_0)
FN:21,(anonymous_1)
FNF:2
FNH:2
FNDA:3,(anonymous_0)
FNDA:36,(anonymous_1)
DA:1,1
DA:2,3
DA:22,36
DA:23,36
DA:24,36
DA:63,1
LF:6
LH:6
BRF:0
BRH:0
end_of_record
TN:
SF:src/services/api-service.tsx
FN:1,(anonymous_0)
FN:4,(anonymous_1)
FN:12,(anonymous_2)
FN:15,(anonymous_3)
FN:33,(anonymous_4)
FN:42,(anonymous_5)
FN:60,(anonymous_6)
FNF:7
FNH:3
FNDA:3,(anonymous_0)
FNDA:3,(anonymous_1)
FNDA:3,(anonymous_2)
FNDA:0,(anonymous_3)
FNDA:0,(anonymous_4)
FNDA:0,(anonymous_5)
FNDA:0,(anonymous_6)
DA:1,1
DA:2,3
DA:4,3
DA:5,3
DA:6,0
DA:7,0
DA:9,0
DA:12,3
DA:13,3
DA:14,0
DA:23,0
DA:33,3
DA:38,0
DA:41,0
DA:50,0
DA:60,3
DA:61,0
DA:62,0
DA:74,3
DA:82,1
LF:20
LH:10
BRDA:6,0,0,0
BRDA:26,1,0,0
BRDA:26,1,1,0
BRDA:27,2,0,0
BRDA:27,2,1,0
BRDA:53,3,0,0
BRDA:53,3,1,0
BRDA:54,4,0,0
BRDA:54,4,1,0
BRDA:66,5,0,0
BRDA:66,5,1,0
BRDA:67,6,0,0
BRDA:67,6,1,0
BRDA:68,7,0,0
BRDA:68,7,1,0
BRDA:69,8,0,0
BRDA:69,8,1,0
BRDA:70,9,0,0
BRDA:70,9,1,0
BRF:19
BRH:0
end_of_record
